Build started 12/9/2014 3:34:48 PM.
     1>Project "C:\Users\bEEDON\Documents\1. SCHOOL\CIS\CIS 17C\CIS17C_48596\Projects\Final Project\Midterm Project.vcxproj" on node 2 (Build target(s)).
     1>InitializeBuildStatus:
         Creating "Debug\Midterm Project.unsuccessfulbuild" because "AlwaysCreate" was specified.
       ClCompile:
         C:\Program Files (x86)\Microsoft Visual Studio 11.0\VC\bin\CL.exe /c /ZI /nologo /W3 /WX- /Od /Oy- /D WIN32 /D _DEBUG /D _CONSOLE /D _UNICODE /D UNICODE /Gm /EHsc /RTC1 /MDd /GS /fp:precise /Zc:wchar_t /Zc:forScope /Fo"Debug\\" /Fd"Debug\vc110.pdb" /Gd /TP /analyze- /errorReport:prompt main.cpp
         main.cpp
     1>c:\users\beedon\documents\1. school\cis\cis 17c\cis17c_48596\projects\final project\main.cpp(223): warning C4018: '<' : signed/unsigned mismatch
     1>c:\users\beedon\documents\1. school\cis\cis 17c\cis17c_48596\projects\final project\main.cpp(251): warning C4018: '<' : signed/unsigned mismatch
     1>c:\users\beedon\documents\1. school\cis\cis 17c\cis17c_48596\projects\final project\main.cpp(261): warning C4018: '<' : signed/unsigned mismatch
     1>c:\users\beedon\documents\1. school\cis\cis 17c\cis17c_48596\projects\final project\main.cpp(286): warning C4018: '<' : signed/unsigned mismatch
     1>c:\users\beedon\documents\1. school\cis\cis 17c\cis17c_48596\projects\final project\main.cpp(360): warning C4018: '<' : signed/unsigned mismatch
     1>c:\users\beedon\documents\1. school\cis\cis 17c\cis17c_48596\projects\final project\main.cpp(366): warning C4018: '<' : signed/unsigned mismatch
     1>c:\users\beedon\documents\1. school\cis\cis 17c\cis17c_48596\projects\final project\main.cpp(414): warning C4018: '<' : signed/unsigned mismatch
     1>c:\users\beedon\documents\1. school\cis\cis 17c\cis17c_48596\projects\final project\main.cpp(420): warning C4018: '<' : signed/unsigned mismatch
     1>c:\users\beedon\documents\1. school\cis\cis 17c\cis17c_48596\projects\final project\main.cpp(426): warning C4018: '<' : signed/unsigned mismatch
     1>c:\users\beedon\documents\1. school\cis\cis 17c\cis17c_48596\projects\final project\main.cpp(432): warning C4018: '<' : signed/unsigned mismatch
     1>c:\users\beedon\documents\1. school\cis\cis 17c\cis17c_48596\projects\final project\main.cpp(438): warning C4018: '<' : signed/unsigned mismatch
     1>c:\users\beedon\documents\1. school\cis\cis 17c\cis17c_48596\projects\final project\main.cpp(614): warning C4018: '<' : signed/unsigned mismatch
     1>c:\users\beedon\documents\1. school\cis\cis 17c\cis17c_48596\projects\final project\main.cpp(660): warning C4018: '<' : signed/unsigned mismatch
     1>c:\users\beedon\documents\1. school\cis\cis 17c\cis17c_48596\projects\final project\main.cpp(713): warning C4018: '<' : signed/unsigned mismatch
     1>c:\users\beedon\documents\1. school\cis\cis 17c\cis17c_48596\projects\final project\main.cpp(820): warning C4018: '<' : signed/unsigned mismatch
     1>c:\users\beedon\documents\1. school\cis\cis 17c\cis17c_48596\projects\final project\main.cpp(934): warning C4804: '<' : unsafe use of type 'bool' in operation
     1>c:\users\beedon\documents\1. school\cis\cis 17c\cis17c_48596\projects\final project\main.cpp(948): warning C4018: '<' : signed/unsigned mismatch
     1>c:\users\beedon\documents\1. school\cis\cis 17c\cis17c_48596\projects\final project\main.cpp(1307): warning C4804: '<=' : unsafe use of type 'bool' in operation
     1>c:\users\beedon\documents\1. school\cis\cis 17c\cis17c_48596\projects\final project\main.cpp(1316): warning C4804: '<=' : unsafe use of type 'bool' in operation
     1>c:\users\beedon\documents\1. school\cis\cis 17c\cis17c_48596\projects\final project\main.cpp(1325): warning C4804: '<=' : unsafe use of type 'bool' in operation
     1>c:\users\beedon\documents\1. school\cis\cis 17c\cis17c_48596\projects\final project\header.h(253): warning C4715: 'hasher::add' : not all control paths return a value
     1>c:\users\beedon\documents\1. school\cis\cis 17c\cis17c_48596\projects\final project\main.cpp(204): warning C4717: 'hashDisplay' : recursive on all control paths, function will cause runtime stack overflow
     1>c:\users\beedon\documents\1. school\cis\cis 17c\cis17c_48596\projects\final project\main.cpp(1166): warning C4715: 'itemBag' : not all control paths return a value
       Link:
         C:\Program Files (x86)\Microsoft Visual Studio 11.0\VC\bin\link.exe /ERRORREPORT:PROMPT /OUT:"C:\Users\bEEDON\Documents\1. SCHOOL\CIS\CIS 17C\CIS17C_48596\Projects\Final Project\Debug\Midterm Project.exe" /INCREMENTAL /NOLOGO kernel32.lib user32.lib gdi32.lib winspool.lib comdlg32.lib advapi32.lib shell32.lib ole32.lib oleaut32.lib uuid.lib odbc32.lib odbccp32.lib /MANIFEST /MANIFESTUAC:"level='asInvoker' uiAccess='false'" /manifest:embed /DEBUG /PDB:"C:\Users\bEEDON\Documents\1. SCHOOL\CIS\CIS 17C\CIS17C_48596\Projects\Final Project\Debug\Midterm Project.pdb" /SUBSYSTEM:CONSOLE /TLBID:1 /DYNAMICBASE /NXCOMPAT /IMPLIB:"C:\Users\bEEDON\Documents\1. SCHOOL\CIS\CIS 17C\CIS17C_48596\Projects\Final Project\Debug\Midterm Project.lib" /MACHINE:X86 Debug\main.obj
         Midterm Project.vcxproj -> C:\Users\bEEDON\Documents\1. SCHOOL\CIS\CIS 17C\CIS17C_48596\Projects\Final Project\Debug\Midterm Project.exe
       FinalizeBuildStatus:
         Deleting file "Debug\Midterm Project.unsuccessfulbuild".
         Touching "Debug\Midterm Project.lastbuildstate".
     1>Done Building Project "C:\Users\bEEDON\Documents\1. SCHOOL\CIS\CIS 17C\CIS17C_48596\Projects\Final Project\Midterm Project.vcxproj" (Build target(s)).

Build succeeded.

Time Elapsed 00:00:04.52
